<?xml version="1.0" encoding="UTF-8"?>
<coverage generated="1519393806530" clover="3.2.0">
  <project timestamp="1519393806530" name="All files">
    <metrics statements="80" coveredstatements="80" conditionals="42" coveredconditionals="42" methods="19" coveredmethods="19" elements="141" coveredelements="141" complexity="0" loc="80" ncloc="80" packages="2" files="5" classes="5">
      <package name="json-generator">
        <metrics statements="39" coveredstatements="39" conditionals="18" coveredconditionals="18" methods="6" coveredmethods="6"/>
        <file name="helpers.js" path="/home/matth/Projects/json-generator/helpers.js">
          <metrics statements="5" coveredstatements="5" conditionals="0" coveredconditionals="0" methods="1" coveredmethods="1"/>
          <line num="1" count="1" type="stmt"/>
          <line num="3" count="1" type="stmt"/>
          <line num="4" count="4" type="stmt"/>
          <line num="5" count="4" type="stmt"/>
          <line num="8" count="1" type="stmt"/>
        </file>
        <file name="main.js" path="/home/matth/Projects/json-generator/main.js">
          <metrics statements="24" coveredstatements="24" conditionals="14" coveredconditionals="14" methods="3" coveredmethods="3"/>
          <line num="1" count="1" type="stmt"/>
          <line num="2" count="1" type="stmt"/>
          <line num="4" count="1" type="stmt"/>
          <line num="5" count="3" type="cond" truecount="2" falsecount="0"/>
          <line num="6" count="1" type="stmt"/>
          <line num="9" count="2" type="cond" truecount="2" falsecount="0"/>
          <line num="11" count="1" type="stmt"/>
          <line num="14" count="1" type="stmt"/>
          <line num="19" count="1" type="cond" truecount="2" falsecount="0"/>
          <line num="20" count="11" type="stmt"/>
          <line num="21" count="11" type="stmt"/>
          <line num="23" count="11" type="stmt"/>
          <line num="24" count="34" type="cond" truecount="2" falsecount="0"/>
          <line num="26" count="4" type="stmt"/>
          <line num="27" count="4" type="stmt"/>
          <line num="28" count="30" type="cond" truecount="2" falsecount="0"/>
          <line num="29" count="1" type="stmt"/>
          <line num="30" count="29" type="cond" truecount="2" falsecount="0"/>
          <line num="31" count="3" type="stmt"/>
          <line num="32" count="26" type="cond" truecount="2" falsecount="0"/>
          <line num="33" count="10" type="stmt"/>
          <line num="34" count="10" type="stmt"/>
          <line num="37" count="11" type="stmt"/>
          <line num="40" count="1" type="stmt"/>
        </file>
        <file name="nested.js" path="/home/matth/Projects/json-generator/nested.js">
          <metrics statements="10" coveredstatements="10" conditionals="4" coveredconditionals="4" methods="2" coveredmethods="2"/>
          <line num="1" count="1" type="stmt"/>
          <line num="2" count="3" type="stmt"/>
          <line num="3" count="3" type="stmt"/>
          <line num="8" count="6" type="cond" truecount="2" falsecount="0"/>
          <line num="9" count="3" type="cond" truecount="2" falsecount="0"/>
          <line num="10" count="1" type="stmt"/>
          <line num="12" count="2" type="stmt"/>
          <line num="15" count="5" type="stmt"/>
          <line num="18" count="2" type="stmt"/>
          <line num="21" count="1" type="stmt"/>
        </file>
      </package>
      <package name="json-generator.generators">
        <metrics statements="41" coveredstatements="41" conditionals="24" coveredconditionals="24" methods="13" coveredmethods="13"/>
        <file name="_main.js" path="/home/matth/Projects/json-generator/generators/_main.js">
          <metrics statements="18" coveredstatements="18" conditionals="16" coveredconditionals="16" methods="3" coveredmethods="3"/>
          <line num="3" count="26" type="cond" truecount="2" falsecount="0"/>
          <line num="4" count="1" type="stmt"/>
          <line num="7" count="25" type="cond" truecount="2" falsecount="0"/>
          <line num="8" count="1" type="stmt"/>
          <line num="10" count="24" type="cond" truecount="2" falsecount="0"/>
          <line num="11" count="1" type="stmt"/>
          <line num="16" count="5" type="stmt"/>
          <line num="22" count="9" type="cond" truecount="2" falsecount="0"/>
          <line num="23" count="1" type="stmt"/>
          <line num="26" count="8" type="cond" truecount="2" falsecount="0"/>
          <line num="27" count="1" type="stmt"/>
          <line num="30" count="7" type="cond" truecount="2" falsecount="0"/>
          <line num="31" count="1" type="stmt"/>
          <line num="34" count="6" type="cond" truecount="4" falsecount="0"/>
          <line num="35" count="1" type="stmt"/>
          <line num="38" count="5" type="stmt"/>
          <line num="39" count="5" type="stmt"/>
          <line num="43" count="3" type="stmt"/>
        </file>
        <file name="intGenerator.js" path="/home/matth/Projects/json-generator/generators/intGenerator.js">
          <metrics statements="23" coveredstatements="23" conditionals="8" coveredconditionals="8" methods="10" coveredmethods="10"/>
          <line num="1" count="3" type="stmt"/>
          <line num="5" count="20" type="stmt"/>
          <line num="6" count="20" type="cond" truecount="4" falsecount="0"/>
          <line num="7" count="3" type="stmt"/>
          <line num="10" count="17" type="stmt"/>
          <line num="14" count="1" type="stmt"/>
          <line num="18" count="1" type="stmt"/>
          <line num="24" count="9" type="stmt"/>
          <line num="28" count="1" type="stmt"/>
          <line num="32" count="1" type="stmt"/>
          <line num="38" count="7" type="stmt"/>
          <line num="42" count="1" type="stmt"/>
          <line num="46" count="1" type="stmt"/>
          <line num="50" count="3" type="stmt"/>
          <line num="51" count="4" type="stmt"/>
          <line num="53" count="4" type="cond" truecount="2" falsecount="0"/>
          <line num="54" count="2" type="stmt"/>
          <line num="56" count="2" type="stmt"/>
          <line num="59" count="4" type="cond" truecount="2" falsecount="0"/>
          <line num="60" count="2" type="stmt"/>
          <line num="62" count="2" type="stmt"/>
          <line num="65" count="4" type="stmt"/>
          <line num="68" count="3" type="stmt"/>
        </file>
      </package>
    </metrics>
  </project>
</coverage>
