{"/home/matth/Projects/json-generator/helpers.js": {"path":"/home/matth/Projects/json-generator/helpers.js","statementMap":{"0":{"start":{"line":1,"column":9},"end":{"line":1,"column":22}},"1":{"start":{"line":3,"column":23},"end":{"line":6,"column":1}},"2":{"start":{"line":4,"column":19},"end":{"line":4,"column":50}},"3":{"start":{"line":5,"column":4},"end":{"line":5,"column":31}},"4":{"start":{"line":8,"column":0},"end":{"line":10,"column":1}}},"fnMap":{"0":{"name":"(anonymous_0)","decl":{"start":{"line":3,"column":23},"end":{"line":3,"column":24}},"loc":{"start":{"line":3,"column":43},"end":{"line":6,"column":1}},"line":3}},"branchMap":{},"s":{"0":1,"1":1,"2":4,"3":4,"4":1},"f":{"0":4},"b":{},"_coverageSchema":"332fd63041d2c1bcb487cc26dd0d5f7d97098a6c","hash":"819ab9f64e7e7e91e662059090411f5b642491c7"}
,"/home/matth/Projects/json-generator/main.js": {"path":"/home/matth/Projects/json-generator/main.js","statementMap":{"0":{"start":{"line":1,"column":15},"end":{"line":1,"column":51}},"1":{"start":{"line":2,"column":10},"end":{"line":2,"column":30}},"2":{"start":{"line":4,"column":17},"end":{"line":17,"column":1}},"3":{"start":{"line":5,"column":4},"end":{"line":7,"column":5}},"4":{"start":{"line":6,"column":8},"end":{"line":6,"column":73}},"5":{"start":{"line":9,"column":4},"end":{"line":16,"column":5}},"6":{"start":{"line":11,"column":12},"end":{"line":11,"column":52}},"7":{"start":{"line":14,"column":12},"end":{"line":14,"column":69}},"8":{"start":{"line":19,"column":23},"end":{"line":38,"column":1}},"9":{"start":{"line":20,"column":14},"end":{"line":20,"column":16}},"10":{"start":{"line":21,"column":18},"end":{"line":21,"column":29}},"11":{"start":{"line":23,"column":4},"end":{"line":36,"column":7}},"12":{"start":{"line":24,"column":8},"end":{"line":35,"column":9}},"13":{"start":{"line":26,"column":12},"end":{"line":26,"column":36}},"14":{"start":{"line":27,"column":12},"end":{"line":27,"column":80}},"15":{"start":{"line":28,"column":15},"end":{"line":35,"column":9}},"16":{"start":{"line":29,"column":12},"end":{"line":29,"column":42}},"17":{"start":{"line":30,"column":15},"end":{"line":35,"column":9}},"18":{"start":{"line":31,"column":12},"end":{"line":31,"column":102}},"19":{"start":{"line":32,"column":15},"end":{"line":35,"column":9}},"20":{"start":{"line":33,"column":12},"end":{"line":33,"column":40}},"21":{"start":{"line":34,"column":12},"end":{"line":34,"column":69}},"22":{"start":{"line":37,"column":4},"end":{"line":37,"column":14}},"23":{"start":{"line":40,"column":0},"end":{"line":43,"column":1}}},"fnMap":{"0":{"name":"(anonymous_0)","decl":{"start":{"line":4,"column":17},"end":{"line":4,"column":18}},"loc":{"start":{"line":4,"column":39},"end":{"line":17,"column":1}},"line":4},"1":{"name":"(anonymous_1)","decl":{"start":{"line":19,"column":23},"end":{"line":19,"column":24}},"loc":{"start":{"line":19,"column":74},"end":{"line":38,"column":1}},"line":19},"2":{"name":"(anonymous_2)","decl":{"start":{"line":23,"column":29},"end":{"line":23,"column":30}},"loc":{"start":{"line":23,"column":36},"end":{"line":36,"column":5}},"line":23}},"branchMap":{"0":{"loc":{"start":{"line":5,"column":4},"end":{"line":7,"column":5}},"type":"if","locations":[{"start":{"line":5,"column":4},"end":{"line":7,"column":5}},{"start":{"line":5,"column":4},"end":{"line":7,"column":5}}],"line":5},"1":{"loc":{"start":{"line":9,"column":4},"end":{"line":16,"column":5}},"type":"switch","locations":[{"start":{"line":10,"column":8},"end":{"line":11,"column":52}},{"start":{"line":13,"column":8},"end":{"line":14,"column":69}}],"line":9},"2":{"loc":{"start":{"line":19,"column":29},"end":{"line":19,"column":45}},"type":"default-arg","locations":[{"start":{"line":19,"column":43},"end":{"line":19,"column":45}}],"line":19},"3":{"loc":{"start":{"line":19,"column":47},"end":{"line":19,"column":65}},"type":"default-arg","locations":[{"start":{"line":19,"column":63},"end":{"line":19,"column":65}}],"line":19},"4":{"loc":{"start":{"line":24,"column":8},"end":{"line":35,"column":9}},"type":"if","locations":[{"start":{"line":24,"column":8},"end":{"line":35,"column":9}},{"start":{"line":24,"column":8},"end":{"line":35,"column":9}}],"line":24},"5":{"loc":{"start":{"line":28,"column":15},"end":{"line":35,"column":9}},"type":"if","locations":[{"start":{"line":28,"column":15},"end":{"line":35,"column":9}},{"start":{"line":28,"column":15},"end":{"line":35,"column":9}}],"line":28},"6":{"loc":{"start":{"line":30,"column":15},"end":{"line":35,"column":9}},"type":"if","locations":[{"start":{"line":30,"column":15},"end":{"line":35,"column":9}},{"start":{"line":30,"column":15},"end":{"line":35,"column":9}}],"line":30},"7":{"loc":{"start":{"line":32,"column":15},"end":{"line":35,"column":9}},"type":"if","locations":[{"start":{"line":32,"column":15},"end":{"line":35,"column":9}},{"start":{"line":32,"column":15},"end":{"line":35,"column":9}}],"line":32}},"s":{"0":1,"1":1,"2":1,"3":3,"4":1,"5":2,"6":1,"7":1,"8":1,"9":11,"10":11,"11":11,"12":34,"13":4,"14":4,"15":30,"16":1,"17":29,"18":3,"19":26,"20":10,"21":10,"22":11,"23":1},"f":{"0":3,"1":11,"2":34},"b":{"0":[1,2],"1":[1,1],"2":[4],"3":[4],"4":[4,30],"5":[1,29],"6":[3,26],"7":[10,16]},"_coverageSchema":"332fd63041d2c1bcb487cc26dd0d5f7d97098a6c","hash":"1893e5bc261a261c0f0359e46ec0a6080200e491"}
,"/home/matth/Projects/json-generator/generators/_main.js": {"path":"/home/matth/Projects/json-generator/generators/_main.js","statementMap":{"0":{"start":{"line":3,"column":8},"end":{"line":5,"column":9}},"1":{"start":{"line":4,"column":12},"end":{"line":4,"column":80}},"2":{"start":{"line":7,"column":8},"end":{"line":9,"column":9}},"3":{"start":{"line":8,"column":12},"end":{"line":8,"column":70}},"4":{"start":{"line":10,"column":8},"end":{"line":12,"column":9}},"5":{"start":{"line":11,"column":12},"end":{"line":11,"column":72}},"6":{"start":{"line":16,"column":8},"end":{"line":16,"column":19}},"7":{"start":{"line":22,"column":8},"end":{"line":24,"column":9}},"8":{"start":{"line":23,"column":12},"end":{"line":23,"column":61}},"9":{"start":{"line":26,"column":8},"end":{"line":28,"column":9}},"10":{"start":{"line":27,"column":12},"end":{"line":27,"column":83}},"11":{"start":{"line":30,"column":8},"end":{"line":32,"column":9}},"12":{"start":{"line":31,"column":12},"end":{"line":31,"column":92}},"13":{"start":{"line":34,"column":8},"end":{"line":36,"column":9}},"14":{"start":{"line":35,"column":12},"end":{"line":35,"column":97}},"15":{"start":{"line":38,"column":8},"end":{"line":38,"column":25}},"16":{"start":{"line":39,"column":8},"end":{"line":39,"column":49}},"17":{"start":{"line":43,"column":0},"end":{"line":46,"column":2}}},"fnMap":{"0":{"name":"(anonymous_0)","decl":{"start":{"line":2,"column":4},"end":{"line":2,"column":5}},"loc":{"start":{"line":2,"column":18},"end":{"line":13,"column":5}},"line":2},"1":{"name":"(anonymous_1)","decl":{"start":{"line":15,"column":4},"end":{"line":15,"column":5}},"loc":{"start":{"line":15,"column":18},"end":{"line":17,"column":5}},"line":15},"2":{"name":"(anonymous_2)","decl":{"start":{"line":21,"column":4},"end":{"line":21,"column":5}},"loc":{"start":{"line":21,"column":40},"end":{"line":40,"column":5}},"line":21}},"branchMap":{"0":{"loc":{"start":{"line":3,"column":8},"end":{"line":5,"column":9}},"type":"if","locations":[{"start":{"line":3,"column":8},"end":{"line":5,"column":9}},{"start":{"line":3,"column":8},"end":{"line":5,"column":9}}],"line":3},"1":{"loc":{"start":{"line":7,"column":8},"end":{"line":9,"column":9}},"type":"if","locations":[{"start":{"line":7,"column":8},"end":{"line":9,"column":9}},{"start":{"line":7,"column":8},"end":{"line":9,"column":9}}],"line":7},"2":{"loc":{"start":{"line":10,"column":8},"end":{"line":12,"column":9}},"type":"if","locations":[{"start":{"line":10,"column":8},"end":{"line":12,"column":9}},{"start":{"line":10,"column":8},"end":{"line":12,"column":9}}],"line":10},"3":{"loc":{"start":{"line":22,"column":8},"end":{"line":24,"column":9}},"type":"if","locations":[{"start":{"line":22,"column":8},"end":{"line":24,"column":9}},{"start":{"line":22,"column":8},"end":{"line":24,"column":9}}],"line":22},"4":{"loc":{"start":{"line":26,"column":8},"end":{"line":28,"column":9}},"type":"if","locations":[{"start":{"line":26,"column":8},"end":{"line":28,"column":9}},{"start":{"line":26,"column":8},"end":{"line":28,"column":9}}],"line":26},"5":{"loc":{"start":{"line":30,"column":8},"end":{"line":32,"column":9}},"type":"if","locations":[{"start":{"line":30,"column":8},"end":{"line":32,"column":9}},{"start":{"line":30,"column":8},"end":{"line":32,"column":9}}],"line":30},"6":{"loc":{"start":{"line":34,"column":8},"end":{"line":36,"column":9}},"type":"if","locations":[{"start":{"line":34,"column":8},"end":{"line":36,"column":9}},{"start":{"line":34,"column":8},"end":{"line":36,"column":9}}],"line":34},"7":{"loc":{"start":{"line":34,"column":12},"end":{"line":34,"column":105}},"type":"binary-expr","locations":[{"start":{"line":34,"column":12},"end":{"line":34,"column":67}},{"start":{"line":34,"column":71},"end":{"line":34,"column":105}}],"line":34}},"s":{"0":38,"1":1,"2":37,"3":1,"4":36,"5":1,"6":9,"7":13,"8":1,"9":12,"10":1,"11":11,"12":1,"13":10,"14":1,"15":9,"16":9,"17":3},"f":{"0":38,"1":9,"2":13},"b":{"0":[1,37],"1":[1,36],"2":[1,35],"3":[1,12],"4":[1,11],"5":[1,10],"6":[1,9],"7":[10,9]},"_coverageSchema":"332fd63041d2c1bcb487cc26dd0d5f7d97098a6c","hash":"6a00d2b6cd8cd0aeddba266e88d223d406563231"}
,"/home/matth/Projects/json-generator/generators/intGenerator.js": {"path":"/home/matth/Projects/json-generator/generators/intGenerator.js","statementMap":{"0":{"start":{"line":1,"column":12},"end":{"line":1,"column":30}},"1":{"start":{"line":18,"column":8},"end":{"line":18,"column":15}},"2":{"start":{"line":19,"column":8},"end":{"line":21,"column":9}},"3":{"start":{"line":20,"column":12},"end":{"line":20,"column":67}},"4":{"start":{"line":22,"column":8},"end":{"line":24,"column":9}},"5":{"start":{"line":23,"column":12},"end":{"line":23,"column":101}},"6":{"start":{"line":26,"column":8},"end":{"line":26,"column":27}},"7":{"start":{"line":27,"column":8},"end":{"line":27,"column":37}},"8":{"start":{"line":31,"column":8},"end":{"line":31,"column":57}},"9":{"start":{"line":35,"column":8},"end":{"line":35,"column":59}},"10":{"start":{"line":39,"column":14},"end":{"line":39,"column":48}},"11":{"start":{"line":41,"column":4},"end":{"line":43,"column":5}},"12":{"start":{"line":42,"column":8},"end":{"line":42,"column":28}},"13":{"start":{"line":44,"column":4},"end":{"line":44,"column":18}},"14":{"start":{"line":49,"column":8},"end":{"line":49,"column":48}},"15":{"start":{"line":50,"column":8},"end":{"line":50,"column":48}},"16":{"start":{"line":54,"column":8},"end":{"line":54,"column":133}},"17":{"start":{"line":58,"column":8},"end":{"line":58,"column":161}},"18":{"start":{"line":64,"column":8},"end":{"line":64,"column":48}},"19":{"start":{"line":65,"column":8},"end":{"line":65,"column":48}},"20":{"start":{"line":69,"column":8},"end":{"line":69,"column":161}},"21":{"start":{"line":73,"column":8},"end":{"line":73,"column":133}},"22":{"start":{"line":79,"column":8},"end":{"line":79,"column":15}},"23":{"start":{"line":81,"column":8},"end":{"line":81,"column":43}},"24":{"start":{"line":82,"column":8},"end":{"line":82,"column":37}},"25":{"start":{"line":83,"column":8},"end":{"line":83,"column":37}},"26":{"start":{"line":84,"column":8},"end":{"line":84,"column":55}},"27":{"start":{"line":85,"column":8},"end":{"line":85,"column":55}},"28":{"start":{"line":89,"column":8},"end":{"line":89,"column":168}},"29":{"start":{"line":93,"column":8},"end":{"line":93,"column":84}},"30":{"start":{"line":97,"column":0},"end":{"line":115,"column":1}},"31":{"start":{"line":98,"column":23},"end":{"line":98,"column":25}},"32":{"start":{"line":100,"column":4},"end":{"line":102,"column":5}},"33":{"start":{"line":101,"column":8},"end":{"line":101,"column":48}},"34":{"start":{"line":103,"column":4},"end":{"line":103,"column":54}},"35":{"start":{"line":105,"column":4},"end":{"line":107,"column":5}},"36":{"start":{"line":106,"column":8},"end":{"line":106,"column":48}},"37":{"start":{"line":108,"column":4},"end":{"line":108,"column":54}},"38":{"start":{"line":110,"column":4},"end":{"line":112,"column":5}},"39":{"start":{"line":111,"column":8},"end":{"line":111,"column":65}},"40":{"start":{"line":114,"column":4},"end":{"line":114,"column":57}},"41":{"start":{"line":117,"column":0},"end":{"line":124,"column":2}}},"fnMap":{"0":{"name":"(anonymous_0)","decl":{"start":{"line":17,"column":4},"end":{"line":17,"column":5}},"loc":{"start":{"line":17,"column":39},"end":{"line":28,"column":5}},"line":17},"1":{"name":"(anonymous_1)","decl":{"start":{"line":30,"column":4},"end":{"line":30,"column":5}},"loc":{"start":{"line":30,"column":24},"end":{"line":32,"column":5}},"line":30},"2":{"name":"(anonymous_2)","decl":{"start":{"line":34,"column":4},"end":{"line":34,"column":5}},"loc":{"start":{"line":34,"column":26},"end":{"line":36,"column":5}},"line":34},"3":{"name":"getClosestMultiple","decl":{"start":{"line":40,"column":9},"end":{"line":40,"column":27}},"loc":{"start":{"line":40,"column":75},"end":{"line":45,"column":1}},"line":40},"4":{"name":"(anonymous_4)","decl":{"start":{"line":48,"column":4},"end":{"line":48,"column":5}},"loc":{"start":{"line":48,"column":24},"end":{"line":51,"column":5}},"line":48},"5":{"name":"(anonymous_5)","decl":{"start":{"line":53,"column":4},"end":{"line":53,"column":5}},"loc":{"start":{"line":53,"column":24},"end":{"line":55,"column":5}},"line":53},"6":{"name":"(anonymous_6)","decl":{"start":{"line":57,"column":4},"end":{"line":57,"column":5}},"loc":{"start":{"line":57,"column":26},"end":{"line":59,"column":5}},"line":57},"7":{"name":"(anonymous_7)","decl":{"start":{"line":63,"column":4},"end":{"line":63,"column":5}},"loc":{"start":{"line":63,"column":24},"end":{"line":66,"column":5}},"line":63},"8":{"name":"(anonymous_8)","decl":{"start":{"line":68,"column":4},"end":{"line":68,"column":5}},"loc":{"start":{"line":68,"column":24},"end":{"line":70,"column":5}},"line":68},"9":{"name":"(anonymous_9)","decl":{"start":{"line":72,"column":4},"end":{"line":72,"column":5}},"loc":{"start":{"line":72,"column":26},"end":{"line":74,"column":5}},"line":72},"10":{"name":"(anonymous_10)","decl":{"start":{"line":78,"column":4},"end":{"line":78,"column":5}},"loc":{"start":{"line":78,"column":24},"end":{"line":86,"column":5}},"line":78},"11":{"name":"(anonymous_11)","decl":{"start":{"line":88,"column":4},"end":{"line":88,"column":5}},"loc":{"start":{"line":88,"column":24},"end":{"line":90,"column":5}},"line":88},"12":{"name":"(anonymous_12)","decl":{"start":{"line":92,"column":4},"end":{"line":92,"column":5}},"loc":{"start":{"line":92,"column":26},"end":{"line":94,"column":5}},"line":92},"13":{"name":"(anonymous_13)","decl":{"start":{"line":97,"column":11},"end":{"line":97,"column":12}},"loc":{"start":{"line":97,"column":36},"end":{"line":115,"column":1}},"line":97}},"branchMap":{"0":{"loc":{"start":{"line":17,"column":23},"end":{"line":17,"column":37}},"type":"default-arg","locations":[{"start":{"line":17,"column":36},"end":{"line":17,"column":37}}],"line":17},"1":{"loc":{"start":{"line":19,"column":8},"end":{"line":21,"column":9}},"type":"if","locations":[{"start":{"line":19,"column":8},"end":{"line":21,"column":9}},{"start":{"line":19,"column":8},"end":{"line":21,"column":9}}],"line":19},"2":{"loc":{"start":{"line":19,"column":12},"end":{"line":19,"column":54}},"type":"binary-expr","locations":[{"start":{"line":19,"column":12},"end":{"line":19,"column":36}},{"start":{"line":19,"column":40},"end":{"line":19,"column":54}}],"line":19},"3":{"loc":{"start":{"line":22,"column":8},"end":{"line":24,"column":9}},"type":"if","locations":[{"start":{"line":22,"column":8},"end":{"line":24,"column":9}},{"start":{"line":22,"column":8},"end":{"line":24,"column":9}}],"line":22},"4":{"loc":{"start":{"line":22,"column":12},"end":{"line":22,"column":83}},"type":"binary-expr","locations":[{"start":{"line":22,"column":12},"end":{"line":22,"column":41}},{"start":{"line":22,"column":45},"end":{"line":22,"column":60}},{"start":{"line":22,"column":64},"end":{"line":22,"column":83}}],"line":22},"5":{"loc":{"start":{"line":40,"column":37},"end":{"line":40,"column":49}},"type":"default-arg","locations":[{"start":{"line":40,"column":48},"end":{"line":40,"column":49}}],"line":40},"6":{"loc":{"start":{"line":40,"column":51},"end":{"line":40,"column":73}},"type":"default-arg","locations":[{"start":{"line":40,"column":63},"end":{"line":40,"column":73}}],"line":40},"7":{"loc":{"start":{"line":41,"column":11},"end":{"line":41,"column":50}},"type":"binary-expr","locations":[{"start":{"line":41,"column":11},"end":{"line":41,"column":34}},{"start":{"line":41,"column":38},"end":{"line":41,"column":50}}],"line":41},"8":{"loc":{"start":{"line":54,"column":15},"end":{"line":54,"column":133}},"type":"cond-expr","locations":[{"start":{"line":54,"column":32},"end":{"line":54,"column":83}},{"start":{"line":54,"column":86},"end":{"line":54,"column":133}}],"line":54},"9":{"loc":{"start":{"line":58,"column":15},"end":{"line":58,"column":161}},"type":"cond-expr","locations":[{"start":{"line":58,"column":32},"end":{"line":58,"column":93}},{"start":{"line":58,"column":96},"end":{"line":58,"column":161}}],"line":58},"10":{"loc":{"start":{"line":69,"column":15},"end":{"line":69,"column":161}},"type":"cond-expr","locations":[{"start":{"line":69,"column":32},"end":{"line":69,"column":97}},{"start":{"line":69,"column":100},"end":{"line":69,"column":161}}],"line":69},"11":{"loc":{"start":{"line":73,"column":15},"end":{"line":73,"column":133}},"type":"cond-expr","locations":[{"start":{"line":73,"column":32},"end":{"line":73,"column":79}},{"start":{"line":73,"column":82},"end":{"line":73,"column":133}}],"line":73},"12":{"loc":{"start":{"line":89,"column":15},"end":{"line":89,"column":168}},"type":"cond-expr","locations":[{"start":{"line":89,"column":39},"end":{"line":89,"column":104}},{"start":{"line":89,"column":107},"end":{"line":89,"column":168}}],"line":89},"13":{"loc":{"start":{"line":100,"column":4},"end":{"line":102,"column":5}},"type":"if","locations":[{"start":{"line":100,"column":4},"end":{"line":102,"column":5}},{"start":{"line":100,"column":4},"end":{"line":102,"column":5}}],"line":100},"14":{"loc":{"start":{"line":105,"column":4},"end":{"line":107,"column":5}},"type":"if","locations":[{"start":{"line":105,"column":4},"end":{"line":107,"column":5}},{"start":{"line":105,"column":4},"end":{"line":107,"column":5}}],"line":105},"15":{"loc":{"start":{"line":110,"column":4},"end":{"line":112,"column":5}},"type":"if","locations":[{"start":{"line":110,"column":4},"end":{"line":112,"column":5}},{"start":{"line":110,"column":4},"end":{"line":112,"column":5}}],"line":110}},"s":{"0":3,"1":30,"2":30,"3":3,"4":27,"5":1,"6":26,"7":26,"8":1,"9":1,"10":3,"11":51,"12":148,"13":51,"14":14,"15":13,"16":10,"17":10,"18":11,"19":10,"20":9,"21":9,"22":2,"23":2,"24":2,"25":2,"26":2,"27":2,"28":4,"29":4,"30":3,"31":8,"32":8,"33":2,"34":8,"35":8,"36":2,"37":8,"38":8,"39":2,"40":8,"41":3},"f":{"0":30,"1":1,"2":1,"3":51,"4":14,"5":10,"6":10,"7":11,"8":9,"9":9,"10":2,"11":4,"12":4,"13":8},"b":{"0":[25],"1":[3,27],"2":[30,27],"3":[1,26],"4":[27,27,26],"5":[1],"6":[22],"7":[199,57],"8":[5,5],"9":[5,5],"10":[4,5],"11":[4,5],"12":[2,2],"13":[2,6],"14":[2,6],"15":[2,6]},"_coverageSchema":"332fd63041d2c1bcb487cc26dd0d5f7d97098a6c","hash":"46f7df5a0616d08a436ad6f42bff4778754ae91b"}
}
