TN:
SF:/home/matth/Projects/json-generator/main.js
FN:4,(anonymous_0)
FN:24,(anonymous_1)
FN:27,(anonymous_2)
FN:42,(anonymous_3)
FNF:4
FNH:4
FNDA:10,(anonymous_0)
FNDA:4,(anonymous_1)
FNDA:16,(anonymous_2)
FNDA:1,(anonymous_3)
DA:1,1
DA:2,1
DA:4,1
DA:5,10
DA:6,1
DA:9,9
DA:11,1
DA:12,1
DA:14,0
DA:16,0
DA:24,1
DA:25,4
DA:26,4
DA:27,4
DA:28,16
DA:29,1
DA:30,15
DA:31,1
DA:32,14
DA:33,2
DA:34,12
DA:35,8
DA:39,4
DA:42,1
DA:43,1
DA:44,1
DA:47,1
DA:48,1
DA:49,1
DA:51,1
LF:30
LH:28
BRDA:5,0,0,1
BRDA:5,0,1,9
BRDA:9,1,0,1
BRDA:9,1,1,8
BRDA:11,2,0,1
BRDA:11,2,1,0
BRDA:24,3,0,0
BRDA:24,4,0,0
BRDA:28,5,0,1
BRDA:28,5,1,15
BRDA:30,6,0,1
BRDA:30,6,1,14
BRDA:32,7,0,2
BRDA:32,7,1,12
BRDA:34,8,0,8
BRDA:34,8,1,4
BRDA:42,9,0,0
BRDA:42,10,0,0
BRF:18
BRH:13
end_of_record
TN:
SF:/home/matth/Projects/json-generator/generators/_main.js
FN:2,(anonymous_0)
FN:15,(anonymous_1)
FN:21,(anonymous_2)
FNF:3
FNH:3
FNDA:21,(anonymous_0)
FNDA:5,(anonymous_1)
FNDA:9,(anonymous_2)
DA:3,21
DA:4,1
DA:7,20
DA:8,1
DA:10,19
DA:11,1
DA:16,5
DA:22,9
DA:23,1
DA:26,8
DA:27,1
DA:30,7
DA:31,1
DA:34,6
DA:35,0
DA:38,5
DA:39,5
DA:43,3
LF:18
LH:17
BRDA:3,0,0,1
BRDA:3,0,1,20
BRDA:7,1,0,1
BRDA:7,1,1,19
BRDA:10,2,0,1
BRDA:10,2,1,18
BRDA:22,3,0,1
BRDA:22,3,1,8
BRDA:26,4,0,1
BRDA:26,4,1,7
BRDA:30,5,0,1
BRDA:30,5,1,6
BRDA:34,6,0,0
BRDA:34,6,1,5
BRF:14
BRH:13
end_of_record
TN:
SF:/home/matth/Projects/json-generator/generators/intGenerator.js
FN:4,(anonymous_0)
FN:13,(anonymous_1)
FN:17,(anonymous_2)
FN:23,(anonymous_3)
FN:27,(anonymous_4)
FN:31,(anonymous_5)
FN:37,(anonymous_6)
FN:41,(anonymous_7)
FN:45,(anonymous_8)
FN:50,(anonymous_9)
FNF:10
FNH:8
FNDA:15,(anonymous_0)
FNDA:0,(anonymous_1)
FNDA:0,(anonymous_2)
FNDA:8,(anonymous_3)
FNDA:1,(anonymous_4)
FNDA:1,(anonymous_5)
FNDA:7,(anonymous_6)
FNDA:1,(anonymous_7)
FNDA:1,(anonymous_8)
FNDA:4,(anonymous_9)
DA:1,3
DA:5,15
DA:6,15
DA:7,2
DA:10,13
DA:14,0
DA:18,0
DA:24,8
DA:28,1
DA:32,1
DA:38,7
DA:42,1
DA:46,1
DA:50,3
DA:51,4
DA:53,4
DA:54,2
DA:56,2
DA:59,4
DA:60,2
DA:62,2
DA:65,4
DA:68,3
LF:23
LH:21
BRDA:6,0,0,2
BRDA:6,0,1,13
BRDA:6,1,0,15
BRDA:6,1,1,13
BRDA:53,2,0,2
BRDA:53,2,1,2
BRDA:59,3,0,2
BRDA:59,3,1,2
BRF:8
BRH:8
end_of_record
