TN:
SF:/home/matth/Projects/json-generator/main.js
FN:4,(anonymous_0)
FN:24,(anonymous_1)
FN:27,(anonymous_2)
FN:44,(anonymous_3)
FNF:4
FNH:4
FNDA:8,(anonymous_0)
FNDA:4,(anonymous_1)
FNDA:16,(anonymous_2)
FNDA:1,(anonymous_3)
DA:1,1
DA:2,1
DA:4,1
DA:5,8
DA:6,1
DA:9,7
DA:11,1
DA:12,1
DA:14,0
DA:16,0
DA:24,1
DA:25,4
DA:26,4
DA:27,4
DA:28,16
DA:29,1
DA:30,15
DA:31,1
DA:32,14
DA:33,2
DA:34,12
DA:35,8
DA:36,6
DA:41,4
DA:44,1
DA:45,1
DA:46,1
DA:49,1
DA:50,1
DA:51,1
DA:53,1
LF:31
LH:29
BRDA:5,0,0,1
BRDA:5,0,1,7
BRDA:9,1,0,1
BRDA:9,1,1,6
BRDA:11,2,0,1
BRDA:11,2,1,0
BRDA:24,3,0,0
BRDA:24,4,0,0
BRDA:28,5,0,1
BRDA:28,5,1,15
BRDA:30,6,0,1
BRDA:30,6,1,14
BRDA:32,7,0,2
BRDA:32,7,1,12
BRDA:34,8,0,8
BRDA:34,8,1,4
BRDA:35,9,0,6
BRDA:35,9,1,2
BRDA:44,10,0,0
BRDA:44,11,0,0
BRF:20
BRH:15
end_of_record
TN:
SF:/home/matth/Projects/json-generator/nested.js
FN:2,(anonymous_0)
FN:9,(anonymous_1)
FNF:2
FNH:2
FNDA:2,(anonymous_0)
FNDA:5,(anonymous_1)
DA:2,1
DA:3,2
DA:4,2
DA:5,2
DA:10,5
DA:11,2
DA:13,5
DA:17,0
DA:19,2
DA:22,1
LF:10
LH:9
BRDA:10,0,0,2
BRDA:10,0,1,3
BRF:2
BRH:2
end_of_record
TN:
SF:/home/matth/Projects/json-generator/generators/generators.js
FN:2,(anonymous_0)
FNF:1
FNH:0
FNDA:0,(anonymous_0)
DA:3,0
DA:4,0
DA:7,0
DA:8,0
DA:10,0
DA:11,0
DA:16,1
LF:7
LH:1
BRDA:3,0,0,0
BRDA:3,0,1,0
BRDA:7,1,0,0
BRDA:7,1,1,0
BRDA:10,2,0,0
BRDA:10,2,1,0
BRF:6
BRH:0
end_of_record
TN:
SF:/home/matth/Projects/json-generator/generators/intGenerator.js
FN:4,(anonymous_0)
FN:9,(anonymous_1)
FN:12,(anonymous_2)
FN:18,(anonymous_3)
FN:23,(anonymous_4)
FN:27,(anonymous_5)
FN:32,(anonymous_6)
FNF:7
FNH:0
FNDA:0,(anonymous_0)
FNDA:0,(anonymous_1)
FNDA:0,(anonymous_2)
FNDA:0,(anonymous_3)
FNDA:0,(anonymous_4)
FNDA:0,(anonymous_5)
FNDA:0,(anonymous_6)
DA:1,1
DA:3,1
DA:5,0
DA:6,0
DA:10,0
DA:13,0
DA:17,1
DA:19,0
DA:20,0
DA:24,0
DA:28,0
DA:32,1
DA:33,0
DA:34,0
DA:35,0
DA:37,0
DA:40,0
DA:41,0
DA:43,0
DA:46,0
DA:52,1
LF:21
LH:5
BRDA:34,0,0,0
BRDA:34,0,1,0
BRDA:40,1,0,0
BRDA:40,1,1,0
BRF:4
BRH:0
end_of_record
